00:00:00.003 [INFO] [libseat] [libseat/backend/seatd.c:64] Could not connect to socket /run/seatd.sock: No such file or directory
00:00:00.003 [INFO] [libseat] [libseat/libseat.c:76] Backend 'seatd' failed to open seat, skipping
00:00:00.035 [INFO] [libseat] [libseat/libseat.c:73] Seat opened with backend 'logind'
00:00:00.035 [INFO] [backend/session/session.c:109] Successfully loaded libseat session
00:00:00.039 [INFO] [backend/backend.c:219] Found 1 GPUs
00:00:00.040 [INFO] [backend/drm/backend.c:201] Initializing DRM backend for /dev/dri/card0 (i915)
00:00:00.040 [INFO] [backend/drm/drm.c:249] Found 2 DRM CRTCs
00:00:00.040 [INFO] [backend/drm/drm.c:207] Found 6 DRM planes
00:00:00.076 [INFO] [render/egl.c:206] Supported EGL client extensions: EGL_EXT_platform_base EGL_EXT_device_base EGL_EXT_device_enumeration EGL_EXT_device_query EGL_KHR_client_get_all_proc_addresses EGL_EXT_client_extensions EGL_KHR_debug EGL_KHR_platform_x11 EGL_EXT_platform_x11 EGL_EXT_platform_device EGL_MESA_platform_surfaceless EGL_EXT_explicit_device EGL_KHR_platform_wayland EGL_EXT_platform_wayland EGL_KHR_platform_gbm EGL_MESA_platform_gbm EGL_EXT_platform_xcb
00:00:00.100 [ERROR] [EGL] command: eglQueryDevicesEXT, error: EGL_BAD_ALLOC (0x3003), message: "EGL_BAD_ALLOC error: In eglQueryDevicesEXT: Failed to allocate device list.
"
00:00:00.102 [ERROR] [EGL] command: eglQueryDevicesEXT, error: EGL_BAD_ALLOC (0x3003), message: "EGL_BAD_ALLOC error: In eglQueryDevicesEXT: Failed to allocate device list.
"
00:00:00.190 [INFO] [render/egl.c:355] Using EGL 1.5
00:00:00.190 [INFO] [render/egl.c:356] Supported EGL display extensions: EGL_ANDROID_blob_cache EGL_ANDROID_native_fence_sync EGL_EXT_create_context_robustness EGL_EXT_image_dma_buf_import EGL_EXT_image_dma_buf_import_modifiers EGL_IMG_context_priority EGL_KHR_cl_event2 EGL_KHR_config_attribs EGL_KHR_context_flush_control EGL_KHR_create_context EGL_KHR_create_context_no_error EGL_KHR_fence_sync EGL_KHR_get_all_proc_addresses EGL_KHR_gl_colorspace EGL_KHR_gl_renderbuffer_image EGL_KHR_gl_texture_2D_image EGL_KHR_gl_texture_3D_image EGL_KHR_gl_texture_cubemap_image EGL_KHR_image_base EGL_KHR_no_config_context EGL_KHR_reusable_sync EGL_KHR_surfaceless_context EGL_EXT_pixel_format_float EGL_KHR_wait_sync EGL_MESA_configless_context EGL_MESA_drm_image EGL_MESA_image_dma_buf_export EGL_MESA_query_driver EGL_WL_bind_wayland_display 
00:00:00.190 [INFO] [render/egl.c:358] Supported EGL device extensions: EGL_EXT_device_drm EGL_EXT_device_drm_render_node
00:00:00.190 [INFO] [render/egl.c:360] EGL vendor: Mesa Project
00:00:00.195 [INFO] [render/gles2/renderer.c:743] Creating GLES2 renderer
00:00:00.195 [INFO] [render/gles2/renderer.c:744] Using OpenGL ES 3.0 Mesa 23.1.0
00:00:00.195 [INFO] [render/gles2/renderer.c:745] GL vendor: Intel
00:00:00.195 [INFO] [render/gles2/renderer.c:746] GL renderer: Mesa Intel(R) HD Graphics 3000 (SNB GT2)
00:00:00.195 [INFO] [render/gles2/renderer.c:747] Supported GLES2 extensions: GL_EXT_blend_minmax GL_EXT_multi_draw_arrays GL_EXT_texture_filter_anisotropic GL_EXT_texture_compression_s3tc GL_EXT_texture_compression_dxt1 GL_EXT_texture_compression_rgtc GL_EXT_texture_format_BGRA8888 GL_OES_compressed_ETC1_RGB8_texture GL_OES_depth24 GL_OES_element_index_uint GL_OES_fbo_render_mipmap GL_OES_mapbuffer GL_OES_rgb8_rgba8 GL_OES_standard_derivatives GL_OES_stencil8 GL_OES_texture_3D GL_OES_texture_float GL_OES_texture_float_linear GL_OES_texture_half_float GL_OES_texture_half_float_linear GL_OES_texture_npot GL_OES_vertex_half_float GL_EXT_draw_instanced GL_EXT_texture_sRGB_decode GL_OES_EGL_image GL_OES_depth_texture GL_AMD_performance_monitor GL_OES_packed_depth_stencil GL_EXT_texture_type_2_10_10_10_REV GL_NV_conditional_render GL_OES_get_program_binary GL_APPLE_texture_max_level GL_EXT_discard_framebuffer GL_EXT_read_format_bgra GL_NV_pack_subimage GL_EXT_frag_depth GL_NV_fbo_color_attachments GL_OES_EGL_image_external GL_OES_EGL_sync GL_OES_vertex_array_object GL_ANGLE_pack_reverse_row_order GL_ANGLE_texture_compression_dxt3 GL_ANGLE_texture_compression_dxt5 GL_EXT_occlusion_query_boolean GL_EXT_texture_rg GL_EXT_unpack_subimage GL_NV_draw_buffers GL_NV_read_buffer GL_NV_read_depth GL_NV_read_depth_stencil GL_NV_read_stencil GL_EXT_draw_buffers GL_EXT_instanced_arrays GL_EXT_map_buffer_range GL_KHR_debug GL_KHR_texture_compression_astc_ldr GL_NV_generate_mipmap_sRGB GL_NV_pixel_buffer_object GL_OES_depth_texture_cube_map GL_OES_required_internalformat GL_OES_surfaceless_context GL_EXT_color_buffer_float GL_EXT_debug_label GL_EXT_sRGB_write_control GL_EXT_separate_shader_objects GL_EXT_shader_group_vote GL_EXT_shader_integer_mix GL_INTEL_performance_query GL_EXT_base_instance GL_EXT_compressed_ETC1_RGB8_sub_texture GL_EXT_copy_image GL_EXT_draw_buffers_indexed GL_EXT_draw_elements_base_vertex GL_EXT_polygon_offset_clamp GL_EXT_texture_border_clamp GL_KHR_blend_equation_advanced GL_KHR_context_flush_control GL_NV_shader_noperspective_interpolation GL_OES_copy_image GL_OES_draw_buffers_indexed GL_OES_draw_elements_base_vertex GL_OES_texture_border_clamp GL_EXT_blend_func_extended GL_EXT_float_blend GL_EXT_texture_sRGB_R8 GL_KHR_no_error GL_KHR_texture_compression_astc_sliced_3d GL_OES_EGL_image_external_essl3 GL_EXT_clip_cull_distance GL_EXT_disjoint_timer_query GL_EXT_texture_compression_s3tc_srgb GL_MESA_shader_integer_functions GL_EXT_clip_control GL_EXT_color_buffer_half_float GL_EXT_semaphore GL_EXT_semaphore_fd GL_EXT_texture_compression_bptc GL_EXT_texture_mirror_clamp_to_edge GL_KHR_parallel_shader_compile GL_EXT_EGL_image_storage GL_EXT_shader_framebuffer_fetch_non_coherent GL_EXT_texture_shadow_lod GL_INTEL_blackhole_render GL_MESA_framebuffer_flip_y GL_EXT_demote_to_helper_invocation GL_EXT_depth_clamp GL_EXT_texture_query_lod GL_MESA_bgra 
00:00:01.635 [INFO] [backend/headless/backend.c:68] Creating headless backend
00:00:01.648 [ERROR] [xwayland/sockets.c:63] Failed to bind socket @/tmp/.X11-unix/X0: Address already in use
00:00:05.184 [INFO] [backend/drm/drm.c:1509] Scanning DRM connectors on /dev/dri/card0
00:00:05.184 [INFO] [backend/drm/drm.c:1560] Found connector 'LVDS-1'
00:00:05.184 [INFO] [backend/drm/drm.c:1585] 'LVDS-1' connected
00:00:05.184 [INFO] [backend/drm/drm.c:1395] Physical size: 380x210
00:00:05.184 [INFO] [backend/drm/drm.c:1457] Detected modes:
00:00:05.184 [INFO] [backend/drm/drm.c:1485]   1600x900 @ 59.997 Hz (preferred)
00:00:05.185 [INFO] [backend/drm/drm.c:1560] Found connector 'VGA-1'
00:00:05.187 [INFO] [backend/drm/drm.c:1560] Found connector 'HDMI-A-1'
00:00:05.187 [INFO] [backend/drm/drm.c:1560] Found connector 'DP-1'
00:00:05.187 [INFO] [backend/drm/drm.c:1621] connector LVDS-1: Requesting modeset
00:00:05.192 [INFO] [backend/drm/drm.c:748] connector LVDS-1: Modesetting with 1600x900 @ 59.997 Hz
00:00:05.208 [INFO] [backend/headless/backend.c:16] Starting headless backend
00:00:06.948 [INFO] [backend/drm/drm.c:748] connector LVDS-1: Modesetting with 1600x900 @ 59.997 Hz
/bin/sh: line 1: kitty: command not found
00:00:42.037 [INFO] [backend/drm/drm.c:752] connector LVDS-1: Turning off
