/home/daetalys/.Xresources:9:99: warning: missing terminating " character
    9 | urxvt.matcher.pattern.0:      \\b([a-zA-Z]+:\/\/\\w[\\w-.@:]*|www\\.\\w[\\w-]*\\.\\w[\\w-.]*)(\/[^"' ()]*)?
      |                                                                                                   ^
/home/daetalys/.Xresources:9:99: warning: missing terminating " character
    9 | urxvt.matcher.pattern.0:      \\b([a-zA-Z]+:\/\/\\w[\\w-.@:]*|www\\.\\w[\\w-]*\\.\\w[\\w-.]*)(\/[^"' ()]*)?
      |                                                                                                   ^
xmodmap:  unable to open file '/home/daetalys/.Xmodmap' for reading
xmodmap:  1 error encountered, aborting.
2023-05-31 16:05:53 W: awesome: a_glib_poll:437: Last main loop iteration took 0.210200 seconds! Increasing limit for this warning to that value.
/bin/bash: line 1: kdeconnectd: command not found

(lxpolkit:633): Gtk-WARNING **: 16:05:56.221: Theme parsing error: gtk-dark.css:5822:26: '-shadow' is not a valid color name

(lxpolkit:633): Gtk-WARNING **: 16:05:56.221: Theme parsing error: gtk-dark.css:5825:14: not a number

(lxpolkit:633): Gtk-WARNING **: 16:05:56.221: Theme parsing error: gtk-dark.css:5826:13: not a number

(lxpolkit:633): Gtk-WARNING **: 16:05:56.221: Theme parsing error: gtk-dark.css:5827:11: Expected a length

(nm-applet:630): Gtk-WARNING **: 16:05:56.221: Theme parsing error: gtk-dark.css:5822:26: '-shadow' is not a valid color name

(nm-applet:630): Gtk-WARNING **: 16:05:56.221: Theme parsing error: gtk-dark.css:5825:14: not a number

(nm-applet:630): Gtk-WARNING **: 16:05:56.221: Theme parsing error: gtk-dark.css:5826:13: not a number

(nm-applet:630): Gtk-WARNING **: 16:05:56.221: Theme parsing error: gtk-dark.css:5827:11: Expected a length
2023-05-31 16:05:57 W: awesome: a_glib_poll:437: Last main loop iteration took 0.314399 seconds! Increasing limit for this warning to that value.
2023-05-31 16:06:53 W: awesome: a_glib_poll:437: Last main loop iteration took 0.494207 seconds! Increasing limit for this warning to that value.
2023-05-31 16:07:00 W: awesome: /usr/local/share/applications: Error opening directory '/usr/local/share/applications': No such file or directory
2023-05-31 16:07:02 W: awesome: a_glib_poll:437: Last main loop iteration took 2.308872 seconds! Increasing limit for this warning to that value.

(seahorse:773): Gtk-WARNING **: 16:07:13.564: Theme parsing error: gtk-dark.css:5822:26: '-shadow' is not a valid color name

(seahorse:773): Gtk-WARNING **: 16:07:13.564: Theme parsing error: gtk-dark.css:5825:14: not a number

(seahorse:773): Gtk-WARNING **: 16:07:13.564: Theme parsing error: gtk-dark.css:5826:13: not a number

(seahorse:773): Gtk-WARNING **: 16:07:13.564: Theme parsing error: gtk-dark.css:5827:11: Expected a length

(seahorse:773): Handy-WARNING **: 16:07:13.607: Using GtkSettings:gtk-application-prefer-dark-theme together with HdyStyleManager is unsupported. Please use HdyStyleManager:color-scheme instead.

(seahorse:773): Gtk-WARNING **: 16:07:13.630: Theme parsing error: gtk.css:5822:26: '-shadow' is not a valid color name

(seahorse:773): Gtk-WARNING **: 16:07:13.630: Theme parsing error: gtk.css:5825:14: not a number

(seahorse:773): Gtk-WARNING **: 16:07:13.630: Theme parsing error: gtk.css:5826:13: not a number

(seahorse:773): Gtk-WARNING **: 16:07:13.630: Theme parsing error: gtk.css:5827:11: Expected a length

(seahorse:773): Gtk-WARNING **: 16:07:13.669: Theme parsing error: gtk.css:5822:26: '-shadow' is not a valid color name

(seahorse:773): Gtk-WARNING **: 16:07:13.669: Theme parsing error: gtk.css:5825:14: not a number

(seahorse:773): Gtk-WARNING **: 16:07:13.669: Theme parsing error: gtk.css:5826:13: not a number

(seahorse:773): Gtk-WARNING **: 16:07:13.669: Theme parsing error: gtk.css:5827:11: Expected a length

(seahorse:773): Gtk-WARNING **: 16:07:13.707: Theme parsing error: gtk-dark.css:5822:26: '-shadow' is not a valid color name

(seahorse:773): Gtk-WARNING **: 16:07:13.707: Theme parsing error: gtk-dark.css:5825:14: not a number

(seahorse:773): Gtk-WARNING **: 16:07:13.707: Theme parsing error: gtk-dark.css:5826:13: not a number

(seahorse:773): Gtk-WARNING **: 16:07:13.707: Theme parsing error: gtk-dark.css:5827:11: Expected a length

(seahorse:773): Gtk-WARNING **: 16:07:13.745: Theme parsing error: gtk-dark.css:5822:26: '-shadow' is not a valid color name

(seahorse:773): Gtk-WARNING **: 16:07:13.745: Theme parsing error: gtk-dark.css:5825:14: not a number

(seahorse:773): Gtk-WARNING **: 16:07:13.745: Theme parsing error: gtk-dark.css:5826:13: not a number

(seahorse:773): Gtk-WARNING **: 16:07:13.745: Theme parsing error: gtk-dark.css:5827:11: Expected a length
(node:827) DeprecationWarning: file property is deprecated and will be removed in v5.
(Use `electron --trace-deprecation ...` to show where the warning was created)

(electron:827): Gtk-WARNING **: 16:07:44.129: Theme parsing error: gtk-dark.css:5822:26: '-shadow' is not a valid color name

(electron:827): Gtk-WARNING **: 16:07:44.129: Theme parsing error: gtk-dark.css:5825:14: not a number

(electron:827): Gtk-WARNING **: 16:07:44.129: Theme parsing error: gtk-dark.css:5826:13: not a number

(electron:827): Gtk-WARNING **: 16:07:44.129: Theme parsing error: gtk-dark.css:5827:11: Expected a length
libva error: /usr/lib/dri/iHD_drv_video.so init failed
(node:827) UnhandledPromiseRejectionWarning: TypeError: Cannot read properties of undefined (reading 'init')
    at BiometricsService.<anonymous> (/usr/lib/bitwarden/app.asar/main.js:44459:55)
    at Generator.next (<anonymous>)
    at /usr/lib/bitwarden/app.asar/main.js:44425:71
    at new Promise (<anonymous>)
    at biometrics_service_awaiter (/usr/lib/bitwarden/app.asar/main.js:44421:12)
    at BiometricsService.init (/usr/lib/bitwarden/app.asar/main.js:44458:16)
    at Main.<anonymous> (/usr/lib/bitwarden/app.asar/main.js:52469:46)
    at Generator.next (<anonymous>)
    at fulfilled (/usr/lib/bitwarden/app.asar/main.js:52366:58)
(node:827) UnhandledPromiseRejectionWarning: Unhandled promise rejection. This error originated either by throwing inside of an async function without a catch block, or by rejecting a promise which was not handled with .catch(). To terminate the node process on unhandled promise rejection, use the CLI flag `--unhandled-rejections=strict` (see https://nodejs.org/api/cli.html#cli_unhandled_rejections_mode). (rejection id: 2)
2023-05-31 16:07:48 W: awesome: xerror:1034: X error: request=GetGeometry (major 14, minor 0), error=BadDrawable (9)
[827:0531/160749.014539:ERROR:browser_main_loop.cc(269)] Gdk: gdk_window_thaw_toplevel_updates: assertion 'window->update_and_descendants_freeze_count > 0' failed

(thunderbird:927): Gtk-WARNING **: 16:08:28.334: Theme parsing error: gtk-dark.css:5822:26: '-shadow' is not a valid color name

(thunderbird:927): Gtk-WARNING **: 16:08:28.334: Theme parsing error: gtk-dark.css:5825:14: not a number

(thunderbird:927): Gtk-WARNING **: 16:08:28.335: Theme parsing error: gtk-dark.css:5826:13: not a number

(thunderbird:927): Gtk-WARNING **: 16:08:28.335: Theme parsing error: gtk-dark.css:5827:11: Expected a length

(thunderbird:927): Gtk-WARNING **: 16:08:35.212: Theme parsing error: gtk.css:5822:26: '-shadow' is not a valid color name

(thunderbird:927): Gtk-WARNING **: 16:08:35.212: Theme parsing error: gtk.css:5825:14: not a number

(thunderbird:927): Gtk-WARNING **: 16:08:35.212: Theme parsing error: gtk.css:5826:13: not a number

(thunderbird:927): Gtk-WARNING **: 16:08:35.212: Theme parsing error: gtk.css:5827:11: Expected a length

(thunderbird:927): Gtk-WARNING **: 16:08:35.343: Theme parsing error: gtk.css:5822:26: '-shadow' is not a valid color name

(thunderbird:927): Gtk-WARNING **: 16:08:35.343: Theme parsing error: gtk.css:5825:14: not a number

(thunderbird:927): Gtk-WARNING **: 16:08:35.343: Theme parsing error: gtk.css:5826:13: not a number

(thunderbird:927): Gtk-WARNING **: 16:08:35.343: Theme parsing error: gtk.css:5827:11: Expected a length

(thunderbird:927): Gtk-WARNING **: 16:08:35.389: Theme parsing error: gtk-dark.css:5822:26: '-shadow' is not a valid color name

(thunderbird:927): Gtk-WARNING **: 16:08:35.389: Theme parsing error: gtk-dark.css:5825:14: not a number

(thunderbird:927): Gtk-WARNING **: 16:08:35.390: Theme parsing error: gtk-dark.css:5826:13: not a number

(thunderbird:927): Gtk-WARNING **: 16:08:35.390: Theme parsing error: gtk-dark.css:5827:11: Expected a length
ATTENTION: default value of option mesa_glthread overridden by environment.
ATTENTION: default value of option mesa_glthread overridden by environment.
ATTENTION: default value of option mesa_glthread overridden by environment.
ATTENTION: default value of option mesa_glthread overridden by environment.
time="2023-05-31T16:09:03-05:00" level=warning msg="Failed to add test credentials to keychain" error="pass not initialized: exit status 1: Error: password store is empty. Try \"pass init\".\n" helper="*pass.Pass"
time="2023-05-31T16:09:04-05:00" level=info msg="Migrating keychain helper"

(brave:1281): Gtk-WARNING **: 16:10:04.382: Theme parsing error: gtk-dark.css:5822:26: '-shadow' is not a valid color name

(brave:1281): Gtk-WARNING **: 16:10:04.382: Theme parsing error: gtk-dark.css:5825:14: not a number

(brave:1281): Gtk-WARNING **: 16:10:04.382: Theme parsing error: gtk-dark.css:5826:13: not a number

(brave:1281): Gtk-WARNING **: 16:10:04.382: Theme parsing error: gtk-dark.css:5827:11: Expected a length
[1281:1281:0531/161006.013809:ERROR:chrome_browser_cloud_management_controller.cc(162)] Cloud management controller initialization aborted as CBCM is not enabled.
libva error: /usr/lib/dri/iHD_drv_video.so init failed
[1281:1281:0531/161029.706449:ERROR:sharing_service.cc(222)] Device registration failed with fatal error
[1435:1:0531/161048.290142:ERROR:native_extension_bindings_system.cc(589)] Failed to create API on Chrome object.
[1435:1:0531/161048.294498:ERROR:native_extension_bindings_system.cc(589)] Failed to create API on Chrome object.
[1435:1:0531/161048.529221:ERROR:native_extension_bindings_system.cc(589)] Failed to create API on Chrome object.
[1435:1:0531/161048.639467:ERROR:native_extension_bindings_system.cc(589)] Failed to create API on Chrome object.
[1435:1:0531/161048.751839:ERROR:native_extension_bindings_system.cc(589)] Failed to create API on Chrome object.
[1435:1:0531/161048.988562:ERROR:native_extension_bindings_system.cc(589)] Failed to create API on Chrome object.
[1435:1:0531/161048.990286:ERROR:native_extension_bindings_system.cc(589)] Failed to create API on Chrome object.
[1435:1:0531/161048.992460:ERROR:native_extension_bindings_system.cc(589)] Failed to create API on Chrome object.
[1435:1:0531/161048.994802:ERROR:native_extension_bindings_system.cc(589)] Failed to create API on Chrome object.
[1435:1:0531/161048.997438:ERROR:native_extension_bindings_system.cc(589)] Failed to create API on Chrome object.
[1435:1:0531/161049.000641:ERROR:native_extension_bindings_system.cc(589)] Failed to create API on Chrome object.
[1435:1:0531/161049.003216:ERROR:native_extension_bindings_system.cc(589)] Failed to create API on Chrome object.
[1435:1:0531/161050.122263:ERROR:native_extension_bindings_system.cc(589)] Failed to create API on Chrome object.
[1435:1:0531/161050.280281:ERROR:native_extension_bindings_system.cc(589)] Failed to create API on Chrome object.
[1435:1:0531/161050.282244:ERROR:native_extension_bindings_system.cc(589)] Failed to create API on Chrome object.
[1435:1:0531/161050.550238:ERROR:native_extension_bindings_system.cc(589)] Failed to create API on Chrome object.
[1435:1:0531/161050.550816:ERROR:native_extension_bindings_system.cc(589)] Failed to create API on Chrome object.
[1435:1:0531/161050.562854:ERROR:native_extension_bindings_system.cc(589)] Failed to create API on Chrome object.
[1435:1:0531/161050.654189:ERROR:native_extension_bindings_system.cc(589)] Failed to create API on Chrome object.
[1435:1:0531/161050.676954:ERROR:native_extension_bindings_system.cc(589)] Failed to create API on Chrome object.
[1435:1:0531/161050.682271:ERROR:native_extension_bindings_system.cc(589)] Failed to create API on Chrome object.
[1435:1:0531/161050.685277:ERROR:native_extension_bindings_system.cc(589)] Failed to create API on Chrome object.
Fontconfig error: Cannot load default config file: No such file: (null)
[1318:1318:0531/162441.904610:ERROR:shared_image_manager.cc(217)] SharedImageManager::ProduceSkia: Trying to Produce a Skia representation from a non-existent mailbox.
Fontconfig error: Cannot load default config file: No such file: (null)

(firefox:4028): Gtk-WARNING **: 16:40:59.177: Theme parsing error: gtk-dark.css:5822:26: '-shadow' is not a valid color name

(firefox:4028): Gtk-WARNING **: 16:40:59.177: Theme parsing error: gtk-dark.css:5825:14: not a number

(firefox:4028): Gtk-WARNING **: 16:40:59.177: Theme parsing error: gtk-dark.css:5826:13: not a number

(firefox:4028): Gtk-WARNING **: 16:40:59.177: Theme parsing error: gtk-dark.css:5827:11: Expected a length

(firefox:4028): Gtk-WARNING **: 16:41:09.121: Theme parsing error: gtk.css:5822:26: '-shadow' is not a valid color name

(firefox:4028): Gtk-WARNING **: 16:41:09.121: Theme parsing error: gtk.css:5825:14: not a number

(firefox:4028): Gtk-WARNING **: 16:41:09.121: Theme parsing error: gtk.css:5826:13: not a number

(firefox:4028): Gtk-WARNING **: 16:41:09.121: Theme parsing error: gtk.css:5827:11: Expected a length

(firefox:4028): Gtk-WARNING **: 16:41:09.354: Theme parsing error: gtk.css:5822:26: '-shadow' is not a valid color name

(firefox:4028): Gtk-WARNING **: 16:41:09.354: Theme parsing error: gtk.css:5825:14: not a number

(firefox:4028): Gtk-WARNING **: 16:41:09.354: Theme parsing error: gtk.css:5826:13: not a number

(firefox:4028): Gtk-WARNING **: 16:41:09.354: Theme parsing error: gtk.css:5827:11: Expected a length

(firefox:4028): Gtk-WARNING **: 16:41:09.423: Theme parsing error: gtk-dark.css:5822:26: '-shadow' is not a valid color name

(firefox:4028): Gtk-WARNING **: 16:41:09.423: Theme parsing error: gtk-dark.css:5825:14: not a number

(firefox:4028): Gtk-WARNING **: 16:41:09.423: Theme parsing error: gtk-dark.css:5826:13: not a number

(firefox:4028): Gtk-WARNING **: 16:41:09.423: Theme parsing error: gtk-dark.css:5827:11: Expected a length

(firefox:4250): Gtk-WARNING **: 16:41:09.537: Theme parsing error: gtk-dark.css:5822:26: '-shadow' is not a valid color name

(firefox:4250): Gtk-WARNING **: 16:41:09.537: Theme parsing error: gtk-dark.css:5825:14: not a number

(firefox:4250): Gtk-WARNING **: 16:41:09.537: Theme parsing error: gtk-dark.css:5826:13: not a number

(firefox:4250): Gtk-WARNING **: 16:41:09.537: Theme parsing error: gtk-dark.css:5827:11: Expected a length
ATTENTION: default value of option mesa_glthread overridden by environment.
ATTENTION: default value of option mesa_glthread overridden by environment.
ATTENTION: default value of option mesa_glthread overridden by environment.
[1281:1281:0531/164127.077557:ERROR:object_proxy.cc(623)] Failed to call method: org.freedesktop.FileManager1.ShowItems: object_path= /org/freedesktop/FileManager1: org.freedesktop.DBus.Error.NoReply: Did not receive a reply. Possible causes include: the remote application did not send a reply, the message bus security policy blocked the reply, the reply timeout expired, or the network connection was broken.
[1281:1281:0531/164127.077646:ERROR:platform_util_linux.cc(274)] Error calling ShowItems
[ERROR glean_core] Error setting metrics feature config: Json(Error("EOF while parsing a value", line: 1, column: 0))

(spacefm:4519): Gtk-WARNING **: 16:41:29.702: Theme parsing error: gtk-dark.css:5822:26: '-shadow' is not a valid color name

(spacefm:4519): Gtk-WARNING **: 16:41:29.702: Theme parsing error: gtk-dark.css:5825:14: not a number

(spacefm:4519): Gtk-WARNING **: 16:41:29.702: Theme parsing error: gtk-dark.css:5826:13: not a number

(spacefm:4519): Gtk-WARNING **: 16:41:29.702: Theme parsing error: gtk-dark.css:5827:11: Expected a length

(spacefm:4519): Gtk-CRITICAL **: 16:41:39.627: gtk_widget_event: assertion 'WIDGET_REALIZED_FOR_EVENT (widget, event)' failed

(spacefm:4519): Gtk-CRITICAL **: 16:41:39.646: gtk_widget_event: assertion 'WIDGET_REALIZED_FOR_EVENT (widget, event)' failed

(spacefm:4519): Gtk-CRITICAL **: 16:42:02.914: gtk_widget_event: assertion 'WIDGET_REALIZED_FOR_EVENT (widget, event)' failed

(spacefm:4519): Gtk-CRITICAL **: 16:42:12.442: gtk_widget_event: assertion 'WIDGET_REALIZED_FOR_EVENT (widget, event)' failed
[Child 4311, Main Thread] WARNING: JSWindowActorChild::SendRawMessage (Conduits, ConduitClosed) not sent: !CanSend() || !mManager || !mManager->CanSend(): file /build/firefox/src/firefox-113.0.2/dom/ipc/jsactor/JSWindowActorChild.cpp:57
[Child 4311, Main Thread] WARNING: JSWindowActorChild::SendRawMessage (Conduits, ConduitClosed) not sent: !CanSend() || !mManager || !mManager->CanSend(): file /build/firefox/src/firefox-113.0.2/dom/ipc/jsactor/JSWindowActorChild.cpp:57
[Child 4311, Main Thread] WARNING: JSWindowActorChild::SendRawMessage (Conduits, ConduitClosed) not sent: !CanSend() || !mManager || !mManager->CanSend(): file /build/firefox/src/firefox-113.0.2/dom/ipc/jsactor/JSWindowActorChild.cpp:57
[Child 4311, Main Thread] WARNING: JSWindowActorChild::SendRawMessage (Conduits, ConduitClosed) not sent: !CanSend() || !mManager || !mManager->CanSend(): file /build/firefox/src/firefox-113.0.2/dom/ipc/jsactor/JSWindowActorChild.cpp:57
[Child 4311, Main Thread] WARNING: JSWindowActorChild::SendRawMessage (Conduits, ConduitClosed) not sent: !CanSend() || !mManager || !mManager->CanSend(): file /build/firefox/src/firefox-113.0.2/dom/ipc/jsactor/JSWindowActorChild.cpp:57
[Child 4311, Main Thread] WARNING: JSWindowActorChild::SendRawMessage (Conduits, ConduitClosed) not sent: !CanSend() || !mManager || !mManager->CanSend(): file /build/firefox/src/firefox-113.0.2/dom/ipc/jsactor/JSWindowActorChild.cpp:57
[Child 4311, Main Thread] WARNING: JSWindowActorChild::SendRawMessage (Conduits, ConduitClosed) not sent: !CanSend() || !mManager || !mManager->CanSend(): file /build/firefox/src/firefox-113.0.2/dom/ipc/jsactor/JSWindowActorChild.cpp:57
[Child 4311, Main Thread] WARNING: JSWindowActorChild::SendRawMessage (Conduits, ConduitClosed) not sent: !CanSend() || !mManager || !mManager->CanSend(): file /build/firefox/src/firefox-113.0.2/dom/ipc/jsactor/JSWindowActorChild.cpp:57
2023-05-31 16:50:43 E: awesome: Failed to load 'utilities-terminal': Failed to open file “utilities-terminal”: No such file or directory
stack traceback:
	/usr/share/awesome/lib/gears/surface.lua:99: in function </usr/share/awesome/lib/gears/surface.lua:91>
	(...tail calls...)
	/usr/share/awesome/lib/naughty/core.lua:784: in function 'naughty.core.notify'
	/usr/share/awesome/lib/naughty/dbus.lua:193: in function </usr/share/awesome/lib/naughty/dbus.lua:117>

(spacefm:4519): Gtk-CRITICAL **: 17:51:24.949: gtk_widget_event: assertion 'WIDGET_REALIZED_FOR_EVENT (widget, event)' failed
